2025-12-15 10:08:36, MOVE, v:1, k:poo@estacionamento, mode:PICK
2025-12-15 10:08:37, EXEC, v:1, k:poo@estacionamento, mode:FULL, rate:0
2025-12-15 10:13:22, EXEC, v:1, k:poo@estacionamento, mode:FULL, rate:0
2025-12-15 10:19:52, EXEC, v:1, k:poo@estacionamento, mode:FULL, rate:0
2025-12-15 10:20:17, EXEC, v:1, k:poo@estacionamento, mode:FULL, rate:0
2025-12-15 10:26:27, EXEC, v:1, k:poo@estacionamento, mode:FULL, rate:0, size:17
2025-12-15 10:26:45, EXEC, v:1, k:poo@estacionamento, mode:FULL, rate:0, size:17
2025-12-15 10:32:35, EXEC, v:1, k:poo@estacionamento, mode:FULL, rate:0, size:24
2025-12-15 10:32:40, MOVE, v:1, k:poo@estacionamento, mode:BACK
2025-12-15 10:32:45, MOVE, v:1, k:poo@estacionamento, mode:PICK
2025-12-15 10:32:46, EXEC, v:1, k:poo@estacionamento, mode:FULL, rate:0
2025-12-15 10:42:21, EXEC, v:1, k:poo@estacionamento, mode:FULL, rate:0, size:31
2025-12-15 10:51:02, EXEC, v:1, k:poo@estacionamento, mode:FULL, rate:0
2025-12-15 11:00:59, EXEC, v:1, k:poo@estacionamento, mode:FULL, rate:0
2025-12-15 11:03:55, EXEC, v:1, k:poo@estacionamento, mode:FULL, rate:0
2025-12-15 11:03:56, MOVE, v:1, k:poo@estacionamento, mode:BACK
2025-12-15 11:04:01, MOVE, v:1, k:poo@estacionamento, mode:PICK
2025-12-15 11:04:02, EXEC, v:1, k:poo@estacionamento, mode:FULL, rate:0
2025-12-15 11:04:08, MOVE, v:1, k:poo@estacionamento, mode:BACK
2025-12-15 11:07:31, MOVE, v:1, k:poo@estacionamento, mode:PICK
2025-12-15 11:07:32, EXEC, v:1, k:poo@estacionamento, mode:FULL, rate:0, size:35
2025-12-15 11:07:33, EXEC, v:1, k:poo@estacionamento, mode:FULL, rate:0
2025-12-15 11:07:34, MOVE, v:1, k:poo@estacionamento, mode:BACK
2025-12-15 11:09:06, MOVE, v:1, k:poo@estacionamento, mode:PICK
2025-12-15 11:09:07, EXEC, v:1, k:poo@estacionamento, mode:FULL, rate:0, size:37
2025-12-15 11:09:09, MOVE, v:1, k:poo@estacionamento, mode:BACK
2025-12-15 11:09:11, MOVE, v:1, k:poo@estacionamento, mode:PICK
2025-12-15 11:09:12, EXEC, v:1, k:poo@estacionamento, mode:FULL, rate:0
2025-12-15 11:09:16, EXEC, v:1, k:poo@estacionamento, mode:FULL, rate:0
2025-12-15 11:16:59, EXEC, v:1, k:poo@estacionamento, mode:FULL, rate:0
2025-12-15 11:17:33, EXEC, v:1, k:poo@estacionamento, mode:FULL, rate:0
2025-12-15 11:17:49, EXEC, v:1, k:poo@estacionamento, mode:FULL, rate:0
2025-12-15 11:17:50, MOVE, v:1, k:poo@estacionamento, mode:BACK
2025-12-15 11:18:28, MOVE, v:1, k:poo@estacionamento, mode:PICK
2025-12-15 11:18:29, EXEC, v:1, k:poo@estacionamento, mode:FULL, rate:0
2025-12-15 11:34:06, EXEC, v:1, k:poo@estacionamento, mode:FULL, rate:0
2025-12-15 11:34:22, EXEC, v:1, k:poo@estacionamento, mode:FULL, rate:0
2025-12-15 11:34:22, MOVE, v:1, k:poo@estacionamento, mode:BACK
2025-12-15 11:34:26, MOVE, v:1, k:poo@estacionamento, mode:PICK
2025-12-15 11:34:28, EXEC, v:1, k:poo@estacionamento, mode:FULL, rate:0
2025-12-15 11:50:29, EXEC, v:1, k:poo@estacionamento, mode:FULL, rate:0
2025-12-15 11:50:30, MOVE, v:1, k:poo@estacionamento, mode:BACK
2025-12-15 11:50:32, MOVE, v:1, k:poo@estacionamento, mode:PICK
2025-12-15 11:50:34, MOVE, v:1, k:poo@estacionamento, mode:BACK
2025-12-15 11:50:38, MOVE, v:1, k:poo@estacionamento, mode:PICK
2025-12-15 11:55:52, EXEC, v:1, k:poo@estacionamento, mode:FULL, rate:0, size:47
2025-12-15 11:55:53, MOVE, v:1, k:poo@estacionamento, mode:BACK
2025-12-15 11:55:58, MOVE, v:1, k:poo@estacionamento, mode:PICK
2025-12-15 11:56:00, EXEC, v:1, k:poo@estacionamento, mode:FULL, rate:0
2025-12-15 11:56:04, MOVE, v:1, k:poo@estacionamento, mode:BACK
2025-12-15 11:57:49, MOVE, v:1, k:poo@estacionamento, mode:PICK
2025-12-15 11:57:50, EXEC, v:1, k:poo@estacionamento, mode:FULL, rate:0
2025-12-15 11:57:51, EXEC, v:1, k:poo@estacionamento, mode:FULL, rate:0
2025-12-15 12:13:00, EXEC, v:1, k:poo@estacionamento, mode:FULL, rate:0
2025-12-15 12:13:01, MOVE, v:1, k:poo@estacionamento, mode:BACK
2025-12-15 12:13:03, MOVE, v:1, k:poo@estacionamento, mode:PICK
2025-12-15 12:13:04, EXEC, v:1, k:poo@estacionamento, mode:FULL, rate:0
2025-12-15 12:23:51, EXEC, v:1, k:poo@estacionamento, mode:FULL, rate:0
2025-12-15 12:23:52, MOVE, v:1, k:poo@estacionamento, mode:BACK
2025-12-15 12:23:55, MOVE, v:1, k:poo@estacionamento, mode:PICK
2025-12-15 12:40:47, EXEC, v:1, k:poo@estacionamento, mode:FULL, rate:0
2025-12-15 12:40:48, MOVE, v:1, k:poo@estacionamento, mode:BACK
2025-12-15 13:30:59, MOVE, v:1, k:poo@estacionamento, mode:PICK
2025-12-15 13:31:00, EXEC, v:1, k:poo@estacionamento, mode:FULL, rate:0
2025-12-15 13:31:00, EXEC, v:1, k:poo@estacionamento, mode:FULL, rate:0
2025-12-15 13:31:01, MOVE, v:1, k:poo@estacionamento, mode:BACK
2025-12-15 15:50:15, MOVE, v:1, k:poo@estacionamento, mode:PICK
2025-12-15 15:50:16, EXEC, v:1, k:poo@estacionamento, mode:FULL, rate:0
2025-12-15 15:50:17, EXEC, v:1, k:poo@estacionamento, mode:FULL, rate:0
2025-12-15 15:50:17, MOVE, v:1, k:poo@estacionamento, mode:BACK
2025-12-15 15:50:19, MOVE, v:1, k:poo@estacionamento, mode:PICK
2025-12-15 15:50:20, EXEC, v:1, k:poo@estacionamento, mode:FULL, rate:0
2025-12-15 16:38:30, EXEC, v:1, k:poo@estacionamento, mode:FULL, rate:0, size:60
2025-12-15 16:38:31, MOVE, v:1, k:poo@estacionamento, mode:BACK
2025-12-15 16:38:39, MOVE, v:1, k:poo@estacionamento, mode:PICK
2025-12-15 16:55:55, EXEC, v:1, k:poo@estacionamento, mode:FULL, rate:0
2025-12-15 16:55:56, MOVE, v:1, k:poo@estacionamento, mode:BACK
2025-12-15 16:55:58, MOVE, v:1, k:poo@estacionamento, mode:PICK
2025-12-15 16:55:59, EXEC, v:1, k:poo@estacionamento, mode:FULL, rate:0
2025-12-15 16:56:00, EXEC, v:1, k:poo@estacionamento, mode:FULL, rate:0
2025-12-15 17:01:50, EXEC, v:1, k:poo@estacionamento, mode:FULL, rate:0
2025-12-15 17:01:51, MOVE, v:1, k:poo@estacionamento, mode:BACK
2025-12-15 17:49:40, MOVE, v:1, k:poo@shapes, mode:DOWN
2025-12-15 17:49:40, MOVE, v:1, k:poo@shapes, mode:PICK
2025-12-15 17:49:42, EXEC, v:1, k:poo@shapes, mode:FULL, rate:0, size:0
2025-12-15 17:49:55, EXEC, v:1, k:poo@shapes, mode:FULL, rate:0
2025-12-15 17:51:23, EXEC, v:1, k:poo@shapes, mode:FULL, rate:0
2025-12-15 18:13:46, EXEC, v:1, k:poo@shapes, mode:FULL, rate:0
2025-12-15 18:14:29, EXEC, v:1, k:poo@shapes, mode:FULL, rate:0
2025-12-15 18:14:29, MOVE, v:1, k:poo@shapes, mode:BACK
2025-12-15 18:14:42, MOVE, v:1, k:poo@estacionamento, mode:PICK
2025-12-15 18:14:43, EXEC, v:1, k:poo@estacionamento, mode:FULL, rate:0
2025-12-15 18:14:43, MOVE, v:1, k:poo@estacionamento, mode:BACK
2025-12-15 19:04:42, MOVE, v:1, k:poo@estacionamento, mode:PICK
2025-12-15 19:04:44, EXEC, v:1, k:poo@estacionamento, mode:FULL, rate:0
2025-12-15 19:04:48, MOVE, v:1, k:poo@estacionamento, mode:BACK
2025-12-15 19:05:01, MOVE, v:1, k:poo@shapes, mode:PICK
2025-12-15 19:05:04, EXEC, v:1, k:poo@shapes, mode:FULL, rate:0
2025-12-15 19:06:42, EXEC, v:1, k:poo@shapes, mode:FULL, rate:0, size:3
2025-12-15 19:20:01, EXEC, v:1, k:poo@shapes, mode:FULL, rate:0
2025-12-15 20:26:33, EXEC, v:1, k:poo@shapes, mode:FULL, rate:0
2025-12-15 20:27:06, EXEC, v:1, k:poo@shapes, mode:FULL, rate:0
2025-12-15 20:27:07, MOVE, v:1, k:poo@shapes, mode:BACK
2025-12-15 20:36:31, MOVE, v:1, k:poo@shapes, mode:PICK
2025-12-15 20:36:32, EXEC, v:1, k:poo@shapes, mode:FULL, rate:0
2025-12-15 20:36:32, EXEC, v:1, k:poo@shapes, mode:FULL, rate:0
2025-12-15 20:36:33, EXEC, v:1, k:poo@shapes, mode:FULL, rate:0
2025-12-15 20:39:51, EXEC, v:1, k:poo@shapes, mode:FULL, rate:0
2025-12-15 21:14:54, EXEC, v:1, k:poo@shapes, mode:FULL, rate:0
2025-12-15 21:25:38, EXEC, v:1, k:poo@shapes, mode:FULL, rate:0
2025-12-15 21:38:53, EXEC, v:1, k:poo@shapes, mode:FULL, rate:0
2025-12-15 21:49:47, MOVE, v:1, k:poo@shapes, mode:BACK
2025-12-15 21:50:27, MOVE, v:1, k:poo@shapes, mode:PICK
2025-12-15 21:51:17, MOVE, v:1, k:poo@shapes, mode:BACK
2025-12-15 21:53:13, MOVE, v:1, k:poo@zoo, mode:PICK
2025-12-15 21:53:13, EXEC, v:1, k:poo@zoo, mode:LOCK, rate:0
2025-12-15 22:17:51, MOVE, v:1, k:poo@zoo, mode:BACK
2025-12-15 22:17:55, MOVE, v:1, k:poo@estacionamento, mode:PICK
2025-12-15 22:17:56, EXEC, v:1, k:poo@estacionamento, mode:FULL, rate:0, size:89
2025-12-15 22:17:57, EXEC, v:1, k:poo@estacionamento, mode:FULL, rate:0
2025-12-15 22:31:39, EXEC, v:1, k:poo@estacionamento, mode:FULL, rate:0, size:109
2025-12-15 22:31:58, EXEC, v:1, k:poo@estacionamento, mode:FULL, rate:0, size:109
2025-12-15 22:32:28, EXEC, v:1, k:poo@estacionamento, mode:FULL, rate:0, size:109
2025-12-15 22:32:44, EXEC, v:1, k:poo@estacionamento, mode:FULL, rate:0
2025-12-15 22:33:30, EXEC, v:1, k:poo@estacionamento, mode:FULL, rate:0, size:109
2025-12-15 22:41:43, EXEC, v:1, k:poo@estacionamento, mode:FULL, rate:0, size:115
2025-12-15 22:46:40, EXEC, v:1, k:poo@estacionamento, mode:FULL, rate:0, size:115
2025-12-15 22:53:31, EXEC, v:1, k:poo@estacionamento, mode:FULL, rate:0, size:116
2025-12-15 22:54:03, EXEC, v:1, k:poo@estacionamento, mode:FULL, rate:0
2025-12-15 22:54:04, MOVE, v:1, k:poo@estacionamento, mode:BACK
2025-12-15 22:59:19, MOVE, v:1, k:poo@estacionamento, mode:PICK
2025-12-15 22:59:20, EXEC, v:1, k:poo@estacionamento, mode:FULL, rate:0
2025-12-15 23:07:08, EXEC, v:1, k:poo@estacionamento, mode:FULL, rate:75, size:117
2025-12-15 23:13:55, EXEC, v:1, k:poo@estacionamento, mode:FULL, rate:100, size:117
2025-12-15 23:14:02, MOVE, v:1, k:poo@estacionamento, mode:BACK
2025-12-15 23:16:20, SELF, v:1, k:poo@estacionamento, rate:100, iagen:gemini_me_ajudou_a_encontrar_pequeno_erros, other:pdfs_de_poo_em_outras_linguagens, alone:9, study:480
2025-12-15 23:16:34, MOVE, v:1, k:poo@pagamento, mode:PICK
2025-12-15 23:16:37, EXEC, v:1, k:poo@pagamento, mode:LOCK, rate:0
2025-12-15 23:16:44, EXEC, v:1, k:poo@pagamento, mode:LOCK, rate:0
2025-12-15 23:16:48, MOVE, v:1, k:poo@pagamento, mode:BACK
