2025-12-02 16:14:53, MOVE, v:1, k:poo@pagamento, mode:DOWN
2025-12-02 16:14:53, MOVE, v:1, k:poo@pagamento, mode:PICK
2025-12-02 16:14:55, EXEC, v:1, k:poo@pagamento, mode:LOCK, rate:100, size:0
2025-12-02 16:18:42, MOVE, v:1, k:poo@pagamento, mode:BACK
2025-12-02 16:36:52, MOVE, v:1, k:poo@pagamento, mode:PICK
2025-12-02 16:37:10, MOVE, v:1, k:poo@pagamento, mode:BACK
2025-12-02 16:37:27, MOVE, v:1, k:poo@pagamento, mode:PICK
2025-12-02 16:37:28, EXEC, v:1, k:poo@pagamento, mode:LOCK, rate:100
2025-12-02 16:38:52, EXEC, v:1, k:poo@pagamento, mode:LOCK, rate:100
2025-12-02 16:38:52, MOVE, v:1, k:poo@pagamento, mode:BACK
2025-12-02 16:38:54, MOVE, v:1, k:poo@pagamento, mode:PICK
2025-12-02 16:38:55, EXEC, v:1, k:poo@pagamento, mode:LOCK, rate:100
2025-12-02 16:41:49, MOVE, v:1, k:poo@pagamento, mode:BACK
2025-12-02 16:44:26, MOVE, v:1, k:poo@pagamento, mode:PICK
2025-12-02 16:44:29, EXEC, v:1, k:poo@pagamento, mode:LOCK, rate:100, size:1
2025-12-02 17:13:25, MOVE, v:1, k:poo@pagamento, mode:BACK
2025-12-02 17:13:35, MOVE, v:1, k:poo@pagamento, mode:PICK
2025-12-02 17:13:36, EXEC, v:1, k:poo@pagamento, mode:LOCK, rate:0, size:16
2025-12-02 17:13:37, EXEC, v:1, k:poo@pagamento, mode:LOCK, rate:0
2025-12-02 17:13:37, MOVE, v:1, k:poo@pagamento, mode:BACK
