2025-12-19 20:01:43, MOVE, v:1, k:poo@pagamento, mode:PICK
2025-12-19 20:01:45, EXEC, v:1, k:poo@pagamento, mode:LOCK, rate:0
2025-12-19 20:01:52, EXEC, v:1, k:poo@pagamento, mode:LOCK, rate:0
2025-12-19 20:41:23, MOVE, v:1, k:poo@pagamento, mode:BACK
2025-12-19 20:41:35, MOVE, v:1, k:poo@shapes, mode:PICK
2025-12-19 20:41:37, MOVE, v:1, k:poo@shapes, mode:BACK
2025-12-19 20:41:39, MOVE, v:1, k:poo@shapes, mode:PICK
2025-12-19 20:41:41, EXEC, v:1, k:poo@shapes, mode:FULL, rate:0
2025-12-19 20:55:02, EXEC, v:1, k:poo@shapes, mode:FULL, rate:0, size:22
2025-12-19 20:55:05, MOVE, v:1, k:poo@shapes, mode:BACK
2025-12-19 20:55:09, MOVE, v:1, k:poo@shapes, mode:PICK
2025-12-19 20:55:10, EXEC, v:1, k:poo@shapes, mode:FULL, rate:0
2025-12-19 20:58:16, EXEC, v:1, k:poo@shapes, mode:FULL, rate:0
2025-12-19 20:58:18, MOVE, v:1, k:poo@shapes, mode:BACK
2025-12-19 20:58:21, MOVE, v:1, k:poo@shapes, mode:PICK
2025-12-19 20:58:22, EXEC, v:1, k:poo@shapes, mode:FULL, rate:0
2025-12-19 21:00:40, EXEC, v:1, k:poo@shapes, mode:FULL, rate:0
2025-12-19 21:15:40, EXEC, v:1, k:poo@shapes, mode:FULL, rate:0
2025-12-19 21:15:40, EXEC, v:1, k:poo@shapes, mode:FULL, rate:0
2025-12-19 21:37:49, EXEC, v:1, k:poo@shapes, mode:FULL, rate:0
2025-12-19 21:37:50, MOVE, v:1, k:poo@shapes, mode:BACK
2025-12-19 21:37:58, MOVE, v:1, k:poo@shapes, mode:PICK
2025-12-19 21:37:59, EXEC, v:1, k:poo@shapes, mode:FULL, rate:0
2025-12-19 21:51:23, MOVE, v:1, k:poo@shapes, mode:BACK
2025-12-19 21:51:23, MOVE, v:1, k:poo@shapes, mode:PICK
2025-12-19 21:54:36, MOVE, v:1, k:poo@shapes, mode:BACK
2025-12-19 21:54:41, MOVE, v:1, k:poo@shapes, mode:PICK
2025-12-19 21:54:42, EXEC, v:1, k:poo@shapes, mode:FULL, rate:0
2025-12-19 21:54:43, EXEC, v:1, k:poo@shapes, mode:FULL, rate:0
2025-12-19 21:54:43, EXEC, v:1, k:poo@shapes, mode:FULL, rate:0
2025-12-19 21:54:44, MOVE, v:1, k:poo@shapes, mode:BACK
2025-12-19 21:54:46, MOVE, v:1, k:poo@shapes, mode:PICK
2025-12-19 21:54:47, EXEC, v:1, k:poo@shapes, mode:FULL, rate:0
2025-12-19 22:12:02, EXEC, v:1, k:poo@shapes, mode:FULL, rate:0
2025-12-19 22:14:39, EXEC, v:1, k:poo@shapes, mode:FULL, rate:0
2025-12-19 22:25:49, EXEC, v:1, k:poo@shapes, mode:FULL, rate:0
2025-12-19 22:27:33, EXEC, v:1, k:poo@shapes, mode:FULL, rate:0
2025-12-19 22:36:20, EXEC, v:1, k:poo@shapes, mode:FULL, rate:0, size:22
2025-12-19 22:36:21, EXEC, v:1, k:poo@shapes, mode:FULL, rate:0
2025-12-19 22:55:48, EXEC, v:1, k:poo@shapes, mode:FULL, rate:0
2025-12-19 22:55:57, MOVE, v:1, k:poo@shapes, mode:BACK
2025-12-19 22:56:02, MOVE, v:1, k:poo@shapes, mode:PICK
2025-12-19 22:56:05, EXEC, v:1, k:poo@shapes, mode:FULL, rate:0
2025-12-19 23:10:55, EXEC, v:1, k:poo@shapes, mode:FULL, rate:0, size:35
2025-12-19 23:18:42, EXEC, v:1, k:poo@shapes, mode:FULL, rate:0, size:41
2025-12-19 23:21:55, EXEC, v:1, k:poo@shapes, mode:FULL, rate:0, size:40
2025-12-19 23:21:57, EXEC, v:1, k:poo@shapes, mode:FULL, rate:0
2025-12-19 23:21:58, MOVE, v:1, k:poo@shapes, mode:BACK
2025-12-19 23:29:48, MOVE, v:1, k:poo@pagamento, mode:PICK
2025-12-19 23:29:49, EXEC, v:1, k:poo@pagamento, mode:LOCK, rate:0
2025-12-19 23:37:11, EXEC, v:1, k:poo@pagamento, mode:LOCK, rate:0
2025-12-19 23:37:12, MOVE, v:1, k:poo@pagamento, mode:BACK
2025-12-19 23:37:16, MOVE, v:1, k:poo@zoo, mode:PICK
2025-12-19 23:37:17, EXEC, v:1, k:poo@zoo, mode:LOCK, rate:100, size:39
2025-12-19 23:37:17, EXEC, v:1, k:poo@zoo, mode:LOCK, rate:100, size:39
2025-12-19 23:37:18, MOVE, v:1, k:poo@zoo, mode:BACK
2025-12-19 23:37:27, MOVE, v:1, k:poo@zoo, mode:PICK
2025-12-19 23:37:28, EXEC, v:1, k:poo@zoo, mode:LOCK, rate:100, size:39
2025-12-19 23:37:46, EXEC, v:1, k:poo@zoo, mode:LOCK, rate:100
2025-12-19 23:37:56, MOVE, v:1, k:poo@zoo, mode:BACK
2025-12-19 23:38:15, SELF, v:1, k:poo@zoo, rate:90, alone:10, study:130
2025-12-19 23:38:17, MOVE, v:1, k:poo@zoo, mode:PICK
2025-12-19 23:38:18, MOVE, v:1, k:poo@zoo, mode:BACK
2025-12-19 23:39:09, SELF, v:1, k:poo@shapes, alone:6, study:280
2025-12-19 23:41:02, MOVE, v:1, k:poo@zoo, mode:PICK
2025-12-19 23:41:03, EXEC, v:1, k:poo@zoo, mode:LOCK, rate:100
2025-12-19 23:47:13, MOVE, v:1, k:poo@zoo, mode:BACK
2025-12-19 23:47:15, MOVE, v:1, k:poo@zoo, mode:PICK
2025-12-19 23:47:16, EXEC, v:1, k:poo@zoo, mode:LOCK, rate:100
2025-12-19 23:47:17, EXEC, v:1, k:poo@zoo, mode:LOCK, rate:100
2025-12-19 23:47:17, MOVE, v:1, k:poo@zoo, mode:BACK
